Fitting yields to Data ID:  Nordlander19_3DNLTE
Reading observed abundances...
Fitting yields of M = 11 and E51 = 0.5 ...
Writing results ...
Writing results to files ...
Plotting ...
Fitting yields of M = 13 and E51 = 0.5 ...
The PostScript backend does not support transparency; partially transparent artists will be rendered opaque.
The PostScript backend does not support transparency; partially transparent artists will be rendered opaque.
Writing results ...
Writing results to files ...
Plotting ...
Fitting yields of M = 13 and E51 = 1.0 ...
The PostScript backend does not support transparency; partially transparent artists will be rendered opaque.
The PostScript backend does not support transparency; partially transparent artists will be rendered opaque.
Writing results ...
Writing results to files ...
Plotting ...
Fitting yields of M = 15 and E51 = 1.0 ...
The PostScript backend does not support transparency; partially transparent artists will be rendered opaque.
The PostScript backend does not support transparency; partially transparent artists will be rendered opaque.
Writing results ...
Writing results to files ...
Plotting ...
Fitting yields of M = 25 and E51 = 1.0 ...
The PostScript backend does not support transparency; partially transparent artists will be rendered opaque.
The PostScript backend does not support transparency; partially transparent artists will be rendered opaque.
Writing results ...
Writing results to files ...
Plotting ...
Fitting yields of M = 25 and E51 = 10.0 ...
The PostScript backend does not support transparency; partially transparent artists will be rendered opaque.
The PostScript backend does not support transparency; partially transparent artists will be rendered opaque.
Writing results ...
Writing results to files ...
Plotting ...
Fitting yields of M = 40 and E51 = 1.0 ...
The PostScript backend does not support transparency; partially transparent artists will be rendered opaque.
The PostScript backend does not support transparency; partially transparent artists will be rendered opaque.
Writing results ...
Writing results to files ...
Plotting ...
Fitting yields of M = 40 and E51 = 30.0 ...
The PostScript backend does not support transparency; partially transparent artists will be rendered opaque.
The PostScript backend does not support transparency; partially transparent artists will be rendered opaque.
Writing results ...
Writing results to files ...
Plotting ...
Fitting yields of M = 100 and E51 = 1.0 ...
The PostScript backend does not support transparency; partially transparent artists will be rendered opaque.
The PostScript backend does not support transparency; partially transparent artists will be rendered opaque.
Writing results ...
Writing results to files ...
Plotting ...
Fitting yields of M = 100 and E51 = 60.0 ...
The PostScript backend does not support transparency; partially transparent artists will be rendered opaque.
The PostScript backend does not support transparency; partially transparent artists will be rendered opaque.
Writing results ...
Writing results to files ...
Plotting ...
Fitting finished successfully.
